#
# There is insufficient memory for the Java Runtime Environment to continue.
# Native memory allocation (mmap) failed to map 536870912 bytes. Error detail: G1 virtual space
# Possible reasons:
#   The system is out of physical RAM or swap space
#   This process is running with CompressedOops enabled, and the Java Heap may be blocking the growth of the native heap
# Possible solutions:
#   Reduce memory load on the system
#   Increase physical memory or swap space
#   Check if swap backing store is full
#   Decrease Java heap size (-Xmx/-Xms)
#   Decrease number of Java threads
#   Decrease Java thread stack sizes (-Xss)
#   Set larger code cache with -XX:ReservedCodeCacheSize=
#   JVM is running with Zero Based Compressed Oops mode in which the Java heap is
#     placed in the first 32GB address space. The Java Heap base address is the
#     maximum limit for the native heap growth. Please use -XX:HeapBaseMinAddress
#     to set the Java Heap base and to place the Java Heap above 32GB virtual address.
# This output file may be truncated or incomplete.
#
#  Out of Memory Error (os_windows.cpp:3828), pid=4424, tid=7296
#
# JRE version:  (21.0.4) (build )
# Java VM: OpenJDK 64-Bit Server VM (21.0.4+-12508038-b607.1, mixed mode, sharing, tiered, compressed oops, compressed class ptrs, g1 gc, windows-amd64)
# No core dump will be written. Minidumps are not enabled by default on client versions of Windows
#

---------------  S U M M A R Y ------------

Command Line: org.jetbrains.kotlin.cli.jvm.K2JVMCompiler @C:\Users\1929205\Documents\GitHub\4C6H25\S02.Composables\app\build\20250204_7588693173054171563.compiler.options

Host: Intel(R) Core(TM) i7-9700F CPU @ 3.00GHz, 8 cores, 31G,  Windows 11 , 64 bit Build 26100 (10.0.26100.2454)
Time: Tue Feb  4 11:46:51 2025 Est elapsed time: 2.023550 seconds (0d 0h 0m 2s)

---------------  T H R E A D  ---------------

Current thread (0x00000181b72f98a0):  JavaThread "Unknown thread" [_thread_in_vm, id=7296, stack(0x0000002b59600000,0x0000002b59700000) (1024K)]

Stack: [0x0000002b59600000,0x0000002b59700000]
Native frames: (J=compiled Java code, j=interpreted, Vv=VM code, C=native code)
V  [jvm.dll+0x6ce539]
V  [jvm.dll+0x85bf03]
V  [jvm.dll+0x85e45e]
V  [jvm.dll+0x85eb43]
V  [jvm.dll+0x27dd06]
V  [jvm.dll+0x6cada5]
V  [jvm.dll+0x6bf27a]
V  [jvm.dll+0x3541fb]
V  [jvm.dll+0x35be36]
V  [jvm.dll+0x3adbc6]
V  [jvm.dll+0x3ade98]
V  [jvm.dll+0x32691c]
V  [jvm.dll+0x32760b]
V  [jvm.dll+0x823959]
V  [jvm.dll+0x3bacf8]
V  [jvm.dll+0x80cd58]
V  [jvm.dll+0x44ef2e]
V  [jvm.dll+0x450691]
C  [jli.dll+0x52ab]
C  [ucrtbase.dll+0x14ea0]
C  [KERNEL32.DLL+0x2e8d7]
C  [ntdll.dll+0xdfbcc]


---------------  P R O C E S S  ---------------

Threads class SMR info:
_java_thread_list=0x00007ffde802a808, length=0, elements={
}

Java Threads: ( => current thread )
Total: 0

Other Threads:
  0x00000181b739f590 WorkerThread "GC Thread#0"                     [id=21336, stack(0x0000002b59700000,0x0000002b59800000) (1024K)]
  0x00000181b73b12c0 ConcurrentGCThread "G1 Main Marker"            [id=6908, stack(0x0000002b59800000,0x0000002b59900000) (1024K)]
  0x00000181b73b1dc0 WorkerThread "G1 Conc#0"                       [id=9124, stack(0x0000002b59900000,0x0000002b59a00000) (1024K)]

[error occurred during error reporting (printing all threads), id 0xc0000005, EXCEPTION_ACCESS_VIOLATION (0xc0000005) at pc=0x00007ffde7829957]
VM state: not at safepoint (not fully initialized)

VM Mutex/Monitor currently owned by a thread:  ([mutex/lock_event])
[0x00007ffde80973f8] Heap_lock - owner thread: 0x00000181b72f98a0

Heap address: 0x0000000601c00000, size: 8164 MB, Compressed Oops mode: Zero based, Oop shift amount: 3

CDS archive(s) mapped at: [0x0000000000000000-0x0000000000000000-0x0000000000000000), size 0, SharedBaseAddress: 0x0000000800000000, ArchiveRelocationMode: 1.
Narrow klass base: 0x0000000000000000, Narrow klass shift: 0, Narrow klass range: 0x0

GC Precious Log:
 CardTable entry size: 512
 Card Set container configuration: InlinePtr #cards 4 size 8 Array Of Cards #cards 32 size 80 Howl #buckets 8 coarsen threshold 7372 Howl Bitmap #cards 1024 size 144 coarsen threshold 921 Card regions per heap region 1 cards per card region 8192

Heap:
 garbage-first heap   total 0K, used 0K [0x0000000601c00000, 0x0000000800000000)
  region size 4096K, 0 young (0K), 0 survivors (0K)
 Metaspace       used 0K, committed 0K, reserved 0K
  class space    used 0K, committed 0K, reserved 0K

Heap Regions: E=young(eden), S=young(survivor), O=old, HS=humongous(starts), HC=humongous(continues), CS=collection set, F=free, TAMS=top-at-mark-start, PB=parsable bottom

Card table byte_map: [0x00000181caf00000,0x00000181cbf00000] _byte_map_base: 0x00000181c7ef2000

Marking Bits: (CMBitMap*) 0x00000181b739fc90
 Bits: [0x00000181cbf00000, 0x00000181d3e90000)

GC Heap History (0 events):
No events

Dll operation events (1 events):
Event: 0.004 Loaded shared library C:\AndroidStudio\jbr\bin\java.dll

Deoptimization events (0 events):
No events

Classes loaded (0 events):
No events

Classes unloaded (0 events):
No events

Classes redefined (0 events):
No events

Internal exceptions (0 events):
No events

ZGC Phase Switch (0 events):
No events

VM Operations (0 events):
No events

Memory protections (0 events):
No events

Nmethod flushes (0 events):
No events

Events (0 events):
No events


Dynamic libraries:
0x00007ff7bbfa0000 - 0x00007ff7bbfaa000 	C:\AndroidStudio\jbr\bin\java.exe
0x00007ffe5d640000 - 0x00007ffe5d8a3000 	C:\WINDOWS\SYSTEM32\ntdll.dll
0x00007ffe5c980000 - 0x00007ffe5ca48000 	C:\WINDOWS\System32\KERNEL32.DLL
0x00007ffe5aef0000 - 0x00007ffe5b2a2000 	C:\WINDOWS\System32\KERNELBASE.dll
0x00007ffe5aa10000 - 0x00007ffe5ab5b000 	C:\WINDOWS\System32\ucrtbase.dll
0x00007ffe4ad00000 - 0x00007ffe4ad18000 	C:\AndroidStudio\jbr\bin\jli.dll
0x00007ffe53a50000 - 0x00007ffe53a6b000 	C:\AndroidStudio\jbr\bin\VCRUNTIME140.dll
0x00007ffe5d0a0000 - 0x00007ffe5d268000 	C:\WINDOWS\System32\USER32.dll
0x00007ffe5ab60000 - 0x00007ffe5ab87000 	C:\WINDOWS\System32\win32u.dll
0x00007ffe3c010000 - 0x00007ffe3c2a0000 	C:\WINDOWS\WinSxS\amd64_microsoft.windows.common-controls_6595b64144ccf1df_6.0.26100.2454_none_3e0b68a2e331ad60\COMCTL32.dll
0x00007ffe5d510000 - 0x00007ffe5d53a000 	C:\WINDOWS\System32\GDI32.dll
0x00007ffe5c4e0000 - 0x00007ffe5c589000 	C:\WINDOWS\System32\msvcrt.dll
0x00007ffe5b2b0000 - 0x00007ffe5b3db000 	C:\WINDOWS\System32\gdi32full.dll
0x00007ffe5ac20000 - 0x00007ffe5acc3000 	C:\WINDOWS\System32\msvcp_win.dll
0x00007ffe5bbb0000 - 0x00007ffe5bbdf000 	C:\WINDOWS\System32\IMM32.DLL
0x00007ffe50180000 - 0x00007ffe5018c000 	C:\AndroidStudio\jbr\bin\vcruntime140_1.dll
0x00007ffdfa900000 - 0x00007ffdfa98d000 	C:\AndroidStudio\jbr\bin\msvcp140.dll
0x00007ffde74f0000 - 0x00007ffde8173000 	C:\AndroidStudio\jbr\bin\server\jvm.dll
0x00007ffe5d540000 - 0x00007ffe5d5f4000 	C:\WINDOWS\System32\ADVAPI32.dll
0x00007ffe5bc00000 - 0x00007ffe5bca6000 	C:\WINDOWS\System32\sechost.dll
0x00007ffe5c210000 - 0x00007ffe5c326000 	C:\WINDOWS\System32\RPCRT4.dll
0x00007ffe5d360000 - 0x00007ffe5d3d4000 	C:\WINDOWS\System32\WS2_32.dll
0x00007ffe5a1b0000 - 0x00007ffe5a1fe000 	C:\WINDOWS\SYSTEM32\POWRPROF.dll
0x00007ffe4e0e0000 - 0x00007ffe4e116000 	C:\WINDOWS\SYSTEM32\WINMM.dll
0x00007ffe52f20000 - 0x00007ffe52f2b000 	C:\WINDOWS\SYSTEM32\VERSION.dll
0x00007ffe5a180000 - 0x00007ffe5a194000 	C:\WINDOWS\SYSTEM32\UMPDC.dll
0x00007ffe59810000 - 0x00007ffe5982a000 	C:\WINDOWS\SYSTEM32\kernel.appcore.dll
0x00007ffe4ed80000 - 0x00007ffe4ed8a000 	C:\AndroidStudio\jbr\bin\jimage.dll
0x00007ffe46050000 - 0x00007ffe46291000 	C:\WINDOWS\SYSTEM32\DBGHELP.DLL
0x00007ffe5be80000 - 0x00007ffe5c1fe000 	C:\WINDOWS\System32\combase.dll
0x00007ffe5c820000 - 0x00007ffe5c8f6000 	C:\WINDOWS\System32\OLEAUT32.dll
0x00007ffe44730000 - 0x00007ffe44769000 	C:\WINDOWS\SYSTEM32\dbgcore.DLL
0x00007ffe5acd0000 - 0x00007ffe5ad69000 	C:\WINDOWS\System32\bcryptPrimitives.dll
0x00007ffdffa30000 - 0x00007ffdffa50000 	C:\AndroidStudio\jbr\bin\java.dll

dbghelp: loaded successfully - version: 4.0.5 - missing functions: none
symbol engine: initialized successfully - sym options: 0x614 - pdb path: .;C:\AndroidStudio\jbr\bin;C:\WINDOWS\SYSTEM32;C:\WINDOWS\WinSxS\amd64_microsoft.windows.common-controls_6595b64144ccf1df_6.0.26100.2454_none_3e0b68a2e331ad60;C:\AndroidStudio\jbr\bin\server

VM Arguments:
java_command: org.jetbrains.kotlin.cli.jvm.K2JVMCompiler @C:\Users\1929205\Documents\GitHub\4C6H25\S02.Composables\app\build\20250204_7588693173054171563.compiler.options
java_class_path (initial): C:\Users\1929205\.gradle\caches\modules-2\files-2.1\org.jetbrains.kotlin\kotlin-compiler-embeddable\2.0.0\1de310de3446414381282ffc46c3ed3919a4d1da\kotlin-compiler-embeddable-2.0.0.jar;C:\Users\1929205\.gradle\caches\modules-2\files-2.1\org.jetbrains.kotlin\kotlin-stdlib\2.0.0\b48df2c4aede9586cc931ead433bc02d6fd7879e\kotlin-stdlib-2.0.0.jar;C:\Users\1929205\.gradle\caches\modules-2\files-2.1\org.jetbrains.kotlin\kotlin-script-runtime\2.0.0\fdc27dd047d592fa41d2dfa21e7621287a361612\kotlin-script-runtime-2.0.0.jar;C:\Users\1929205\.gradle\caches\modules-2\files-2.1\org.jetbrains.kotlin\kotlin-reflect\1.6.10\1cbe9c92c12a94eea200d23c2bbaedaf3daf5132\kotlin-reflect-1.6.10.jar;C:\Users\1929205\.gradle\caches\modules-2\files-2.1\org.jetbrains.kotlin\kotlin-daemon-embeddable\2.0.0\b39c612768614c4428c96ee9c65477181fffe9d\kotlin-daemon-embeddable-2.0.0.jar;C:\Users\1929205\.gradle\caches\modules-2\files-2.1\org.jetbrains.intellij.deps\trove4j\1.0.20200330\3afb14d5f9ceb459d724e907a21145e8ff394f02\trove4j-1.0.20200330.jar;C:\Users\1929205\.gradle\caches\modules-2\files-2.1\org.jetbrains\annotations\13.0\919f0dfe192fb4e063e7dacadee7f8bb9a2672a9\annotations-13.0.jar
Launcher Type: SUN_STANDARD

[Global flags]
     intx CICompilerCount                          = 4                                         {product} {ergonomic}
     uint ConcGCThreads                            = 2                                         {product} {ergonomic}
     uint G1ConcRefinementThreads                  = 8                                         {product} {ergonomic}
   size_t G1HeapRegionSize                         = 4194304                                   {product} {ergonomic}
    uintx GCDrainStackTargetSize                   = 64                                        {product} {ergonomic}
   size_t InitialHeapSize                          = 536870912                                 {product} {ergonomic}
   size_t MarkStackSize                            = 4194304                                   {product} {ergonomic}
   size_t MaxHeapSize                              = 8560574464                                {product} {ergonomic}
   size_t MinHeapDeltaBytes                        = 4194304                                   {product} {ergonomic}
   size_t MinHeapSize                              = 8388608                                   {product} {ergonomic}
    uintx NonNMethodCodeHeapSize                   = 5839372                                {pd product} {ergonomic}
    uintx NonProfiledCodeHeapSize                  = 122909434                              {pd product} {ergonomic}
    uintx ProfiledCodeHeapSize                     = 122909434                              {pd product} {ergonomic}
    uintx ReservedCodeCacheSize                    = 251658240                              {pd product} {ergonomic}
     bool SegmentedCodeCache                       = true                                      {product} {ergonomic}
   size_t SoftMaxHeapSize                          = 8560574464                             {manageable} {ergonomic}
     bool UseCompressedOops                        = true                           {product lp64_product} {ergonomic}
     bool UseG1GC                                  = true                                      {product} {ergonomic}
     bool UseLargePagesIndividualAllocation        = false                                  {pd product} {ergonomic}

Logging:
Log output configuration:
 #0: stdout all=warning uptime,level,tags foldmultilines=false
 #1: stderr all=off uptime,level,tags foldmultilines=false

Environment Variables:
PATH=C:\Program Files (x86)\VMware\VMware Workstation\bin\;C:\Program Files\Python313\Scripts\;C:\Program Files\Python313\;C:\WINDOWS\system32;C:\WINDOWS;C:\WINDOWS\System32\Wbem;C:\WINDOWS\System32\WindowsPowerShell\v1.0\;C:\WINDOWS\System32\OpenSSH\;C:\Program Files\Microsoft VS Code\bin;C:\Program Files\Git\cmd;C:\#EXTRAS\nvm;C:\nvm4w\nodejs;C:\#EXTRAS\scoop\shims;;C:\Program Files\Docker\Docker\resources\bin;C:\Program Files\dotnet\;C:\Program Files (x86)\Windows Kits\10\Windows Performance Toolkit\;C:\Users\1929205\AppData\Local\Microsoft\WindowsApps;C:\Users\1929205\AppData\Local\GitHubDesktop\bin
USERNAME=1929205
OS=Windows_NT
PROCESSOR_IDENTIFIER=Intel64 Family 6 Model 158 Stepping 13, GenuineIntel
TMP=C:\Users\1929205\AppData\Local\Temp
TEMP=C:\Users\1929205\AppData\Local\Temp




Periodic native trim disabled

JNI global refs:
JNI global refs: 0, weak refs: 0

JNI global refs memory usage: 0, weak refs: 0

Process memory usage:
Resident Set Size: 12856K (0% of 33426360K total physical memory with 10627852K free physical memory)

OOME stack traces (most recent first):
Classloader memory used:

---------------  S Y S T E M  ---------------

OS:
 Windows 11 , 64 bit Build 26100 (10.0.26100.2454)
OS uptime: 4 days 20:01 hours
Hyper-V role detected

CPU: total 8 (initial active 8) (8 cores per cpu, 1 threads per core) family 6 model 158 stepping 13 microcode 0xde, cx8, cmov, fxsr, mmx, 3dnowpref, sse, sse2, sse3, ssse3, sse4.1, sse4.2, popcnt, lzcnt, tsc, tscinvbit, avx, avx2, aes, erms, clmul, bmi1, bmi2, adx, fma, vzeroupper, clflush, clflushopt, hv, rdtscp, f16c
Processor Information for all 8 processors :
  Max Mhz: 3000, Current Mhz: 3000, Mhz Limit: 3000

Memory: 4k page, system-wide physical 32642M (10378M free)
TotalPageFile size 130946M (AvailPageFile size 46M)
current process WorkingSet (physical memory assigned to process): 12M, peak: 12M
current process commit charge ("private bytes"): 60M, peak: 572M

vm_info: OpenJDK 64-Bit Server VM (21.0.4+-12508038-b607.1) for windows-amd64 JRE (21.0.4+-12508038-b607.1), built on 2024-10-16T17:23:34Z by "builder" with MS VC++ 16.10 / 16.11 (VS2019)

END.
